<?xml version="1.0" encoding="UTF-8"?>
<testng-results ignored="0" total="2" passed="2" failed="0" skipped="0">
  <reporter-output>
  </reporter-output>
  <suite started-at="2020-05-12T06:51:16Z" name="Default suite" finished-at="2020-05-12T06:52:43Z" duration-ms="87235">
    <groups>
    </groups>
    <test started-at="2020-05-12T06:51:16Z" name="Default test" finished-at="2020-05-12T06:52:43Z" duration-ms="87235">
      <class name="com.qTestHSC.gateway.APIExceutor">
        <test-method signature="testCaseStatusChangeWithAPI()[pri:1, instance:com.qTestHSC.gateway.APIExceutor@78e4deb0]" started-at="2020-05-12T06:51:16Z" name="testCaseStatusChangeWithAPI" finished-at="2020-05-12T06:52:10Z" duration-ms="53826" status="PASS">
          <reporter-output>
          </reporter-output>
        </test-method> <!-- testCaseStatusChangeWithAPI -->
        <test-method signature="inputPropChange()[pri:2, instance:com.qTestHSC.gateway.APIExceutor@78e4deb0]" started-at="2020-05-12T06:52:10Z" name="inputPropChange" finished-at="2020-05-12T06:52:43Z" duration-ms="33362" status="PASS">
          <reporter-output>
          </reporter-output>
        </test-method> <!-- inputPropChange -->
      </class> <!-- com.qTestHSC.gateway.APIExceutor -->
    </test> <!-- Default test -->
  </suite> <!-- Default suite -->
</testng-results>
