<?xml version="1.0" encoding="UTF-8"?>
<!-- Generated by org.testng.reporters.JUnitXMLReporter -->
<testsuite ignored="0" hostname="Harjeets-MacBook-Air.local" failures="0" tests="2" name="Default test" time="87.235" errors="0" timestamp="12 May 2020 06:52:44 GMT">
  <testcase classname="com.qTestHSC.gateway.APIExceutor" name="testCaseStatusChangeWithAPI" time="53.826"/>
  <testcase classname="com.qTestHSC.gateway.APIExceutor" name="inputPropChange" time="33.362"/>
</testsuite> <!-- Default test -->
